2021-09-06 09:21:45.761  INFO 12148 --- [main] c.k.konectaBack.KonectaBackApplication   : Starting KonectaBackApplication using Java 15.0.2 on samuelg-Satellite-C45-A with PID 12148 (/home/samuelg/Documents/PruebaKonecta/Spring-security-swagger-batch-jasper/target/classes started by samuelg in /home/samuelg/Documents/PruebaKonecta/Spring-security-swagger-batch-jasper)
2021-09-06 09:21:45.914  INFO 12148 --- [main] c.k.konectaBack.KonectaBackApplication   : No active profile set, falling back to default profiles: default
2021-09-06 09:21:57.292  INFO 12148 --- [main] .s.d.r.c.RepositoryConfigurationDelegate : Bootstrapping Spring Data JPA repositories in DEFAULT mode.
2021-09-06 09:21:57.937  INFO 12148 --- [main] .s.d.r.c.RepositoryConfigurationDelegate : Finished Spring Data repository scanning in 461 ms. Found 5 JPA repository interfaces.
2021-09-06 09:22:04.848  INFO 12148 --- [main] o.s.b.w.embedded.tomcat.TomcatWebServer  : Tomcat initialized with port(s): 8080 (http)
2021-09-06 09:22:04.916  INFO 12148 --- [main] o.apache.catalina.core.StandardService   : Starting service [Tomcat]
2021-09-06 09:22:04.917  INFO 12148 --- [main] org.apache.catalina.core.StandardEngine  : Starting Servlet engine: [Apache Tomcat/9.0.50]
2021-09-06 09:22:06.085  INFO 12148 --- [main] o.a.c.c.C.[Tomcat].[localhost].[/]       : Initializing Spring embedded WebApplicationContext
2021-09-06 09:22:06.086  INFO 12148 --- [main] w.s.c.ServletWebServerApplicationContext : Root WebApplicationContext: initialization completed in 18981 ms
2021-09-06 09:22:06.985  INFO 12148 --- [main] com.zaxxer.hikari.HikariDataSource       : HikariPool-1 - Starting...
2021-09-06 09:22:10.040  INFO 12148 --- [main] com.zaxxer.hikari.HikariDataSource       : HikariPool-1 - Start completed.
2021-09-06 09:22:10.282  INFO 12148 --- [main] o.hibernate.jpa.internal.util.LogHelper  : HHH000204: Processing PersistenceUnitInfo [name: default]
2021-09-06 09:22:10.680  INFO 12148 --- [main] org.hibernate.Version                    : HHH000412: Hibernate ORM core version 5.4.32.Final
2021-09-06 09:22:11.532  INFO 12148 --- [main] o.hibernate.annotations.common.Version   : HCANN000001: Hibernate Commons Annotations {5.1.2.Final}
2021-09-06 09:22:12.116  INFO 12148 --- [main] org.hibernate.dialect.Dialect            : HHH000400: Using dialect: org.hibernate.dialect.MySQL8Dialect
2021-09-06 09:22:14.088  INFO 12148 --- [main] o.h.e.t.j.p.i.JtaPlatformInitiator       : HHH000490: Using JtaPlatform implementation: [org.hibernate.engine.transaction.jta.platform.internal.NoJtaPlatform]
2021-09-06 09:22:14.099  INFO 12148 --- [main] j.LocalContainerEntityManagerFactoryBean : Initialized JPA EntityManagerFactory for persistence unit 'default'
2021-09-06 09:22:15.477  WARN 12148 --- [main] JpaBaseConfiguration$JpaWebConfiguration : spring.jpa.open-in-view is enabled by default. Therefore, database queries may be performed during view rendering. Explicitly configure spring.jpa.open-in-view to disable this warning
2021-09-06 09:22:16.696 DEBUG 12148 --- [main] s.w.s.m.m.a.RequestMappingHandlerMapping : 26 mappings in 'requestMappingHandlerMapping'
2021-09-06 09:22:17.402 DEBUG 12148 --- [main] o.s.w.s.handler.SimpleUrlHandlerMapping  : Patterns [/webjars/**, /**, /swagger-ui.html] in 'resourceHandlerMapping'
2021-09-06 09:22:17.445  INFO 12148 --- [main] o.s.s.web.DefaultSecurityFilterChain     : Will secure any request with [org.springframework.security.web.context.request.async.WebAsyncManagerIntegrationFilter@69860811, org.springframework.security.web.context.SecurityContextPersistenceFilter@1d9cac6e, org.springframework.security.web.header.HeaderWriterFilter@1a23136f, org.springframework.web.filter.CorsFilter@3ad80206, org.springframework.security.web.authentication.logout.LogoutFilter@4b8ac512, com.konectaBack.konectaBack.utils.Filtro@46c9ee28, org.springframework.security.web.savedrequest.RequestCacheAwareFilter@6abca7a6, org.springframework.security.web.servletapi.SecurityContextHolderAwareRequestFilter@1e186006, org.springframework.security.web.authentication.AnonymousAuthenticationFilter@2b4675db, org.springframework.security.web.session.SessionManagementFilter@75bbe39d, org.springframework.security.web.access.ExceptionTranslationFilter@13288174, org.springframework.security.web.access.intercept.FilterSecurityInterceptor@15ade272]
2021-09-06 09:22:17.613 DEBUG 12148 --- [main] s.w.s.m.m.a.RequestMappingHandlerAdapter : ControllerAdvice beans: 0 @ModelAttribute, 0 @InitBinder, 1 RequestBodyAdvice, 1 ResponseBodyAdvice
2021-09-06 09:22:17.670 DEBUG 12148 --- [main] .m.m.a.ExceptionHandlerExceptionResolver : ControllerAdvice beans: 1 @ExceptionHandler, 1 ResponseBodyAdvice
2021-09-06 09:22:18.066  INFO 12148 --- [main] o.s.b.w.embedded.tomcat.TomcatWebServer  : Tomcat started on port(s): 8080 (http) with context path ''
2021-09-06 09:22:18.550  INFO 12148 --- [main] c.k.konectaBack.KonectaBackApplication   : Started KonectaBackApplication in 38.96 seconds (JVM running for 50.187)
2021-09-06 09:45:34.822  INFO 12148 --- [SpringApplicationShutdownHook] j.LocalContainerEntityManagerFactoryBean : Closing JPA EntityManagerFactory for persistence unit 'default'
2021-09-06 09:45:34.947  INFO 12148 --- [SpringApplicationShutdownHook] com.zaxxer.hikari.HikariDataSource       : HikariPool-1 - Shutdown initiated...
2021-09-06 09:45:34.981  INFO 12148 --- [SpringApplicationShutdownHook] com.zaxxer.hikari.HikariDataSource       : HikariPool-1 - Shutdown completed.
